# JRE version: Java(TM) SE Runtime Environment (11.0.2+9) (build 11.0.2+9-LTS)
# Java VM: Java HotSpot(TM) 64-Bit Server VM (11.0.2+9-LTS, mixed mode, tiered, compressed oops, g1 gc, linux-amd64)
Heap:
 garbage-first heap   total 443392K, used 209834K [0x0000000707a00000, 0x0000000800000000)
  region size 1024K, 159 young (162816K), 15 survivors (15360K)
 Metaspace       used 90843K, capacity 93574K, committed 93648K, reserved 1130496K
  class space    used 11833K, capacity 12904K, committed 12928K, reserved 1048576K
GC Heap History (10 events):
Event: 831,363 GC heap before
{Heap before GC invocations=14 (full 0):
 garbage-first heap   total 443392K, used 295619K [0x0000000707a00000, 0x0000000800000000)
  region size 1024K, 259 young (265216K), 24 survivors (24576K)
 Metaspace       used 89406K, capacity 91840K, committed 92240K, reserved 1128448K
  class space    used 11693K, capacity 12678K, committed 12800K, reserved 1048576K
}
Event: 831,437 GC heap after
{Heap after GC invocations=15 (full 0):
 garbage-first heap   total 443392K, used 52725K [0x0000000707a00000, 0x0000000800000000)
  region size 1024K, 5 young (5120K), 5 survivors (5120K)
 Metaspace       used 89406K, capacity 91840K, committed 92240K, reserved 1128448K
  class space    used 11693K, capacity 12678K, committed 12800K, reserved 1048576K
}
Event: 1530,943 GC heap before
{Heap before GC invocations=15 (full 0):
 garbage-first heap   total 443392K, used 307701K [0x0000000707a00000, 0x0000000800000000)
  region size 1024K, 254 young (260096K), 5 survivors (5120K)
 Metaspace       used 89881K, capacity 92402K, committed 92496K, reserved 1128448K
  class space    used 11744K, capacity 12767K, committed 12800K, reserved 1048576K
}
Event: 1530,973 GC heap after
{Heap after GC invocations=16 (full 0):
 garbage-first heap   total 443392K, used 57632K [0x0000000707a00000, 0x0000000800000000)
  region size 1024K, 10 young (10240K), 10 survivors (10240K)
 Metaspace       used 89881K, capacity 92402K, committed 92496K, reserved 1128448K
  class space    used 11744K, capacity 12767K, committed 12800K, reserved 1048576K
}
Event: 2920,258 GC heap before
{Heap before GC invocations=16 (full 0):
 garbage-first heap   total 443392K, used 328992K [0x0000000707a00000, 0x0000000800000000)
  region size 1024K, 259 young (265216K), 10 survivors (10240K)
 Metaspace       used 90054K, capacity 92589K, committed 92752K, reserved 1130496K
  class space    used 11769K, capacity 12790K, committed 12800K, reserved 1048576K
}
Event: 2920,293 GC heap after
{Heap after GC invocations=17 (full 0):
 garbage-first heap   total 443392K, used 56822K [0x0000000707a00000, 0x0000000800000000)
  region size 1024K, 9 young (9216K), 9 survivors (9216K)
 Metaspace       used 90054K, capacity 92589K, committed 92752K, reserved 1130496K
  class space    used 11769K, capacity 12790K, committed 12800K, reserved 1048576K
}
Event: 3721,437 GC heap before
{Heap before GC invocations=17 (full 0):
 garbage-first heap   total 443392K, used 343542K [0x0000000707a00000, 0x0000000800000000)
  region size 1024K, 259 young (265216K), 9 survivors (9216K)
 Metaspace       used 90125K, capacity 92692K, committed 92752K, reserved 1130496K
  class space    used 11772K, capacity 12797K, committed 12800K, reserved 1048576K
}
Event: 3721,460 GC heap after
{Heap after GC invocations=18 (full 0):
 garbage-first heap   total 443392K, used 57248K [0x0000000707a00000, 0x0000000800000000)
  region size 1024K, 10 young (10240K), 10 survivors (10240K)
 Metaspace       used 90125K, capacity 92692K, committed 92752K, reserved 1130496K
  class space    used 11772K, capacity 12797K, committed 12800K, reserved 1048576K
}
Event: 4854,813 GC heap before
{Heap before GC invocations=18 (full 0):
 garbage-first heap   total 443392K, used 314272K [0x0000000707a00000, 0x0000000800000000)
  region size 1024K, 259 young (265216K), 10 survivors (10240K)
 Metaspace       used 90716K, capacity 93418K, committed 93648K, reserved 1130496K
  class space    used 11827K, capacity 12896K, committed 12928K, reserved 1048576K
}
Event: 4854,852 GC heap after
{Heap after GC invocations=19 (full 0):
 garbage-first heap   total 443392K, used 62378K [0x0000000707a00000, 0x0000000800000000)
  region size 1024K, 15 young (15360K), 15 survivors (15360K)
 Metaspace       used 90716K, capacity 93418K, committed 93648K, reserved 1130496K
  class space    used 11827K, capacity 12896K, committed 12928K, reserved 1048576K
}

